<?xml version="1.0" encoding="UTF-8"?>
<!-- Generated by org.testng.reporters.JUnitXMLReporter -->
<testsuite ignored="0" hostname="LAPTOP-JK0MPD96" failures="0" tests="1" name="ChromeTest" time="0.057" errors="0" timestamp="2023-03-24T10:12:45 IST">
  <testcase classname="com.test.qa.OyoTest" name="@BeforeClass openBrowser" time="0.006">
    <failure type="java.lang.NullPointerException" message="Cannot invoke &amp;quot;org.openqa.selenium.WebDriver.manage()&amp;quot; because &amp;quot;com.base.qa.TestBase.driver&amp;quot; is null">
      <![CDATA[java.lang.NullPointerException: Cannot invoke "org.openqa.selenium.WebDriver.manage()" because "com.base.qa.TestBase.driver" is null
at com.base.qa.TestBase.launchBrowser(TestBase.java:79)
at com.test.qa.OyoTest.openBrowser(OyoTest.java:15)
at java.base/java.util.ArrayList.forEach(ArrayList.java:1511)
at java.base/java.util.concurrent.FutureTask.run(FutureTask.java:264)
at java.base/java.util.concurrent.ThreadPoolExecutor.runWorker(ThreadPoolExecutor.java:1136)
at java.base/java.util.concurrent.ThreadPoolExecutor$Worker.run(ThreadPoolExecutor.java:635)
at java.base/java.lang.Thread.run(Thread.java:833)
... Removed 16 stack frames]]>
    </failure>
  </testcase> <!-- @BeforeClass openBrowser -->
  <testcase classname="com.test.qa.OyoTest" name="@BeforeClass openBrowser" time="0.006">
    <failure type="java.lang.NullPointerException" message="Cannot invoke &amp;quot;org.openqa.selenium.WebDriver.manage()&amp;quot; because &amp;quot;com.base.qa.TestBase.driver&amp;quot; is null">
      <![CDATA[java.lang.NullPointerException: Cannot invoke "org.openqa.selenium.WebDriver.manage()" because "com.base.qa.TestBase.driver" is null
at com.base.qa.TestBase.launchBrowser(TestBase.java:79)
at com.test.qa.OyoTest.openBrowser(OyoTest.java:15)
at java.base/java.util.ArrayList.forEach(ArrayList.java:1511)
at java.base/java.util.concurrent.FutureTask.run(FutureTask.java:264)
at java.base/java.util.concurrent.ThreadPoolExecutor.runWorker(ThreadPoolExecutor.java:1136)
at java.base/java.util.concurrent.ThreadPoolExecutor$Worker.run(ThreadPoolExecutor.java:635)
at java.base/java.lang.Thread.run(Thread.java:833)
... Removed 16 stack frames]]>
    </failure>
  </testcase> <!-- @BeforeClass openBrowser -->
  <testcase classname="com.base.qa.TestBase" name="@AfterMethod screenshotCapture" time="-1.679632965497E9">
    <skipped/>
  </testcase> <!-- @AfterMethod screenshotCapture -->
  <testcase classname="com.base.qa.TestBase" name="@AfterMethod screenshotCapture" time="-1.679632965498E9">
    <skipped/>
  </testcase> <!-- @AfterMethod screenshotCapture -->
  <testcase classname="com.test.qa.OyoTest" name="verifyOyoPage" time="0.0">
    <skipped/>
  </testcase> <!-- verifyOyoPage -->
</testsuite> <!-- ChromeTest -->
