<?xml version="1.0" encoding="UTF-8"?>
<!-- Generated by org.testng.reporters.JUnitXMLReporter -->
<testsuite ignored="0" hostname="LAPTOP-JK0MPD96" failures="0" tests="6" name=" Firefox Test" time="7.613" errors="0" timestamp="2023-02-24T10:45:55 IST">
  <testcase classname="CBT.AllBrowsers" name="launchBrowser" time="6.267"/>
  <testcase classname="CBT.AllBrowsers" name="verifyCurrentURl" time="0.012"/>
  <testcase classname="CBT.AllBrowsers" name="verifyPageTitle" time="0.006"/>
  <testcase classname="CBT.AllBrowsers" name="verifyUsernameField" time="0.107"/>
  <testcase classname="CBT.AllBrowsers" name="verifyPasswordField" time="0.083"/>
  <testcase classname="CBT.AllBrowsers" name="clickLoginButton" time="1.098"/>
</testsuite> <!--  Firefox Test -->
