<?xml version="1.0" encoding="UTF-8"?>
<testng-results ignored="0" total="2" passed="2" failed="0" skipped="0">
  <reporter-output>
  </reporter-output>
  <suite started-at="2023-03-24T22:47:13 IST" name="Default suite" finished-at="2023-03-24T22:47:19 IST" duration-ms="6553">
    <groups>
    </groups>
    <test started-at="2023-03-24T22:47:13 IST" name="Default test" finished-at="2023-03-24T22:47:19 IST" duration-ms="6553">
      <class name="AllClasses.Calander">
        <test-method signature="setup()[pri:0, instance:AllClasses.Calander@69997e9d]" started-at="2023-03-24T22:47:13 IST" name="setup" finished-at="2023-03-24T22:47:17 IST" duration-ms="4274" status="PASS">
          <reporter-output>
          </reporter-output>
        </test-method> <!-- setup -->
        <test-method signature="calanderAuto()[pri:0, instance:AllClasses.Calander@69997e9d]" started-at="2023-03-24T22:47:17 IST" name="calanderAuto" finished-at="2023-03-24T22:47:19 IST" depends-on-methods="AllClasses.Calander.setup" duration-ms="2241" status="PASS">
          <reporter-output>
          </reporter-output>
        </test-method> <!-- calanderAuto -->
      </class> <!-- AllClasses.Calander -->
    </test> <!-- Default test -->
  </suite> <!-- Default suite -->
</testng-results>
